  MainGameLoop.cpp
  Camera.cpp
  EC_Chair.cpp
  EC_Dock.cpp
  EC_DockCorner.cpp
  EC_Dolphin.cpp
  EC_FlatWater.cpp
  EC_Hut.cpp
  EC_Palmtree.cpp
  EC_Pole.cpp
  EC_Raft.cpp
  EC_RaftSmall.cpp
  EC_Shark.cpp
  EC_StrawRoofHut.cpp
  EC_Umbrella.cpp
  EC_Waterfall.cpp
  GoalSign.cpp
  Player.cpp
  Ring.cpp
  SpeedRamp.cpp
  Compiling...
  Spinner.cpp
  TeleportZone.cpp
  InsertionSort.cpp
  Particle.cpp
  ParticleMaster.cpp
  ParticleRenderer.cpp
  ParticleResources.cpp
  ParticleShader.cpp
  MasterRenderer.cpp
  ShaderProgram.cpp
  Input.cpp
  LevelLoader.cpp
  maths.cpp
  WaterShader.cpp
LINK : warning LNK4098: defaultlib 'MSVCRTD' conflicts with use of other libs; use /NODEFAULTLIB:library
  Generating code
  27 of 4410 functions ( 0.6%) were compiled, the rest were copied from previous compilation.
    2 functions were new in current compilation
    11 functions had inline decision re-evaluated but remain unchanged
  Finished generating code
glfw3.lib(context.obj) : warning LNK4099: PDB 'glfw.pdb' was not found with 'glfw3.lib(context.obj)' or at 'C:\Users\idgee\Source\Repos\Sonic3DGamev3\SonicGame3Dv3\Release\glfw.pdb'; linking object as if no debug info
glfw3.lib(init.obj) : warning LNK4099: PDB 'glfw.pdb' was not found with 'glfw3.lib(init.obj)' or at 'C:\Users\idgee\Source\Repos\Sonic3DGamev3\SonicGame3Dv3\Release\glfw.pdb'; linking object as if no debug info
glfw3.lib(input.obj) : warning LNK4099: PDB 'glfw.pdb' was not found with 'glfw3.lib(input.obj)' or at 'C:\Users\idgee\Source\Repos\Sonic3DGamev3\SonicGame3Dv3\Release\glfw.pdb'; linking object as if no debug info
glfw3.lib(monitor.obj) : warning LNK4099: PDB 'glfw.pdb' was not found with 'glfw3.lib(monitor.obj)' or at 'C:\Users\idgee\Source\Repos\Sonic3DGamev3\SonicGame3Dv3\Release\glfw.pdb'; linking object as if no debug info
glfw3.lib(vulkan.obj) : warning LNK4099: PDB 'glfw.pdb' was not found with 'glfw3.lib(vulkan.obj)' or at 'C:\Users\idgee\Source\Repos\Sonic3DGamev3\SonicGame3Dv3\Release\glfw.pdb'; linking object as if no debug info
glfw3.lib(window.obj) : warning LNK4099: PDB 'glfw.pdb' was not found with 'glfw3.lib(window.obj)' or at 'C:\Users\idgee\Source\Repos\Sonic3DGamev3\SonicGame3Dv3\Release\glfw.pdb'; linking object as if no debug info
glfw3.lib(win32_init.obj) : warning LNK4099: PDB 'glfw.pdb' was not found with 'glfw3.lib(win32_init.obj)' or at 'C:\Users\idgee\Source\Repos\Sonic3DGamev3\SonicGame3Dv3\Release\glfw.pdb'; linking object as if no debug info
glfw3.lib(win32_joystick.obj) : warning LNK4099: PDB 'glfw.pdb' was not found with 'glfw3.lib(win32_joystick.obj)' or at 'C:\Users\idgee\Source\Repos\Sonic3DGamev3\SonicGame3Dv3\Release\glfw.pdb'; linking object as if no debug info
glfw3.lib(win32_monitor.obj) : warning LNK4099: PDB 'glfw.pdb' was not found with 'glfw3.lib(win32_monitor.obj)' or at 'C:\Users\idgee\Source\Repos\Sonic3DGamev3\SonicGame3Dv3\Release\glfw.pdb'; linking object as if no debug info
glfw3.lib(win32_time.obj) : warning LNK4099: PDB 'glfw.pdb' was not found with 'glfw3.lib(win32_time.obj)' or at 'C:\Users\idgee\Source\Repos\Sonic3DGamev3\SonicGame3Dv3\Release\glfw.pdb'; linking object as if no debug info
glfw3.lib(win32_tls.obj) : warning LNK4099: PDB 'glfw.pdb' was not found with 'glfw3.lib(win32_tls.obj)' or at 'C:\Users\idgee\Source\Repos\Sonic3DGamev3\SonicGame3Dv3\Release\glfw.pdb'; linking object as if no debug info
glfw3.lib(win32_window.obj) : warning LNK4099: PDB 'glfw.pdb' was not found with 'glfw3.lib(win32_window.obj)' or at 'C:\Users\idgee\Source\Repos\Sonic3DGamev3\SonicGame3Dv3\Release\glfw.pdb'; linking object as if no debug info
glfw3.lib(wgl_context.obj) : warning LNK4099: PDB 'glfw.pdb' was not found with 'glfw3.lib(wgl_context.obj)' or at 'C:\Users\idgee\Source\Repos\Sonic3DGamev3\SonicGame3Dv3\Release\glfw.pdb'; linking object as if no debug info
glfw3.lib(egl_context.obj) : warning LNK4099: PDB 'glfw.pdb' was not found with 'glfw3.lib(egl_context.obj)' or at 'C:\Users\idgee\Source\Repos\Sonic3DGamev3\SonicGame3Dv3\Release\glfw.pdb'; linking object as if no debug info
  SonicGame3Dv3.vcxproj -> C:\Users\idgee\Source\Repos\Sonic3DGamev3\SonicGame3Dv3\Release\SonicGame3Dv3.exe
